<?xml version="1.0" encoding="UTF-8"?>
<coverage generated="1685448027037" clover="3.2.0">
  <project timestamp="1685448027038" name="All files">
    <metrics statements="17" coveredstatements="17" conditionals="8" coveredconditionals="8" methods="8" coveredmethods="8" elements="33" coveredelements="33" complexity="0" loc="17" ncloc="17" packages="2" files="2" classes="2"/>
    <package name="TestingProject">
      <metrics statements="1" coveredstatements="1" conditionals="0" coveredconditionals="0" methods="1" coveredmethods="1"/>
      <file name="App.tsx" path="C:\Work Projects\Metafic\TestingProject\App.tsx">
        <metrics statements="1" coveredstatements="1" conditionals="0" coveredconditionals="0" methods="1" coveredmethods="1"/>
        <line num="6" count="1" type="stmt"/>
      </file>
    </package>
    <package name="TestingProject.src.modules.home">
      <metrics statements="16" coveredstatements="16" conditionals="8" coveredconditionals="8" methods="7" coveredmethods="7"/>
      <file name="index.tsx" path="C:\Work Projects\Metafic\TestingProject\src\modules\home\index.tsx">
        <metrics statements="16" coveredstatements="16" conditionals="8" coveredconditionals="8" methods="7" coveredmethods="7"/>
        <line num="13" count="2" type="stmt"/>
        <line num="14" count="2" type="stmt"/>
        <line num="22" count="2" type="stmt"/>
        <line num="23" count="2" type="stmt"/>
        <line num="26" count="2" type="stmt"/>
        <line num="27" count="2" type="stmt"/>
        <line num="30" count="2" type="stmt"/>
        <line num="31" count="2" type="cond" truecount="2" falsecount="0"/>
        <line num="32" count="1" type="stmt"/>
        <line num="34" count="1" type="stmt"/>
        <line num="36" count="2" type="cond" truecount="2" falsecount="0"/>
        <line num="37" count="1" type="stmt"/>
        <line num="39" count="1" type="stmt"/>
        <line num="44" count="8" type="stmt"/>
        <line num="50" count="2" type="stmt"/>
        <line num="63" count="2" type="stmt"/>
      </file>
    </package>
  </project>
</coverage>
