TN:
SF:App.tsx
FN:5,(anonymous_0)
FNF:1
FNH:1
FNDA:1,(anonymous_0)
DA:6,1
LF:1
LH:1
BRF:0
BRH:0
end_of_record
TN:
SF:src\modules\home\index.tsx
FN:12,(anonymous_0)
FN:22,(anonymous_1)
FN:26,(anonymous_2)
FN:30,(anonymous_3)
FN:43,(anonymous_4)
FN:49,(anonymous_5)
FN:62,(anonymous_6)
FNF:7
FNH:7
FNDA:2,(anonymous_0)
FNDA:2,(anonymous_1)
FNDA:2,(anonymous_2)
FNDA:2,(anonymous_3)
FNDA:8,(anonymous_4)
FNDA:2,(anonymous_5)
FNDA:2,(anonymous_6)
DA:13,2
DA:14,2
DA:22,2
DA:23,2
DA:26,2
DA:27,2
DA:30,2
DA:31,2
DA:32,1
DA:34,1
DA:36,2
DA:37,1
DA:39,1
DA:44,8
DA:50,2
DA:63,2
LF:16
LH:16
BRDA:31,0,0,1
BRDA:31,0,1,1
BRDA:36,1,0,1
BRDA:36,1,1,1
BRDA:56,2,0,8
BRDA:56,2,1,3
BRDA:69,3,0,8
BRDA:69,3,1,3
BRF:8
BRH:8
end_of_record
